<?xml version="1.0" encoding="UTF-8"?>
<!-- Generated by org.testng.reporters.JUnitXMLReporter -->
<testsuite ignored="0" hostname="LAPTOP-BKNNN7A8" failures="2" tests="3" name="banking app(failed)" time="21.212" errors="0" timestamp="2021-10-30T10:32:11 IST">
  <testcase classname="com.inetbanking.testCases.tc_loginDdt_002" name="loginDdt" time="4.862">
    <failure type="java.lang.AssertionError">
      <![CDATA[java.lang.AssertionError
at org.junit.Assert.fail(Assert.java:86)
at org.junit.Assert.assertTrue(Assert.java:41)
at org.junit.Assert.assertTrue(Assert.java:52)
at com.inetbanking.testCases.tc_loginDdt_002.loginDdt(tc_loginDdt_002.java:35)
at java.base/java.util.ArrayList.forEach(ArrayList.java:1511)
... Removed 27 stack frames]]>
    </failure>
  </testcase> <!-- loginDdt -->
  <testcase classname="com.inetbanking.testCases.tc_loginDdt_002" name="loginDdt" time="5.254">
    <failure type="java.lang.AssertionError">
      <![CDATA[java.lang.AssertionError
at org.junit.Assert.fail(Assert.java:86)
at org.junit.Assert.assertTrue(Assert.java:41)
at org.junit.Assert.assertTrue(Assert.java:52)
at com.inetbanking.testCases.tc_loginDdt_002.loginDdt(tc_loginDdt_002.java:35)
at java.base/java.util.ArrayList.forEach(ArrayList.java:1511)
... Removed 27 stack frames]]>
    </failure>
  </testcase> <!-- loginDdt -->
  <testcase classname="com.inetbanking.testCases.tc_loginTest_001" name="loginTest" time="2.551"/>
</testsuite> <!-- banking app(failed) -->
