<?xml version="1.0" encoding="UTF-8"?>
<testng-results ignored="0" total="2" passed="2" failed="0" skipped="0">
  <reporter-output>
  </reporter-output>
  <suite started-at="2021-10-30T17:02:44 IST" name="inetbanking" finished-at="2021-10-30T17:03:06 IST" duration-ms="22770">
    <groups>
    </groups>
    <test started-at="2021-10-30T17:02:44 IST" name="banking app" finished-at="2021-10-30T17:03:06 IST" duration-ms="22770">
      <class name="com.inetbanking.testCases.tc_addCustomer_003">
        <test-method is-config="true" signature="setup(java.lang.String)[pri:0, instance:com.inetbanking.testCases.tc_addCustomer_003@7334aada]" started-at="2021-10-30T17:02:51 IST" name="setup" finished-at="2021-10-30T17:02:55 IST" duration-ms="3318" status="PASS">
          <params>
            <param index="0">
              <value>
                <![CDATA[chrome]]>
              </value>
            </param>
          </params>
          <reporter-output>
          </reporter-output>
        </test-method> <!-- setup -->
        <test-method signature="addCustomer()[pri:0, instance:com.inetbanking.testCases.tc_addCustomer_003@7334aada]" started-at="2021-10-30T17:02:55 IST" name="addCustomer" finished-at="2021-10-30T17:03:06 IST" duration-ms="11119" status="PASS">
          <reporter-output>
          </reporter-output>
        </test-method> <!-- addCustomer -->
        <test-method is-config="true" signature="teardown()[pri:0, instance:com.inetbanking.testCases.tc_addCustomer_003@7334aada]" started-at="2021-10-30T17:03:06 IST" name="teardown" finished-at="2021-10-30T17:03:06 IST" duration-ms="533" status="PASS">
          <reporter-output>
          </reporter-output>
        </test-method> <!-- teardown -->
      </class> <!-- com.inetbanking.testCases.tc_addCustomer_003 -->
      <class name="com.inetbanking.testCases.tc_loginTest_001">
        <test-method is-config="true" signature="setup(java.lang.String)[pri:0, instance:com.inetbanking.testCases.tc_loginTest_001@402bba4f]" started-at="2021-10-30T17:02:44 IST" name="setup" finished-at="2021-10-30T17:02:48 IST" duration-ms="4321" status="PASS">
          <params>
            <param index="0">
              <value>
                <![CDATA[chrome]]>
              </value>
            </param>
          </params>
          <reporter-output>
          </reporter-output>
        </test-method> <!-- setup -->
        <test-method signature="loginTest()[pri:0, instance:com.inetbanking.testCases.tc_loginTest_001@402bba4f]" started-at="2021-10-30T17:02:48 IST" name="loginTest" finished-at="2021-10-30T17:02:51 IST" duration-ms="2886" status="PASS">
          <reporter-output>
          </reporter-output>
        </test-method> <!-- loginTest -->
        <test-method is-config="true" signature="teardown()[pri:0, instance:com.inetbanking.testCases.tc_loginTest_001@402bba4f]" started-at="2021-10-30T17:02:51 IST" name="teardown" finished-at="2021-10-30T17:02:51 IST" duration-ms="369" status="PASS">
          <reporter-output>
          </reporter-output>
        </test-method> <!-- teardown -->
      </class> <!-- com.inetbanking.testCases.tc_loginTest_001 -->
    </test> <!-- banking app -->
  </suite> <!-- inetbanking -->
</testng-results>
