<?xml version="1.0" encoding="UTF-8"?>
<testsuite xmlns:xsi="http://www.w3.org/2001/XMLSchema-instance" xsi:noNamespaceSchemaLocation="https://maven.apache.org/surefire/maven-surefire-plugin/xsd/surefire-test-report-3.0.xsd" version="3.0" name="TestSuite" time="23.683" tests="2" errors="0" skipped="0" failures="0">
  <properties>
[...]
</properties>
  <testcase name="loginTest" classname="com.inetbanking.testCases.tc_loginTest_001" time="2.85">
    <system-out><![CDATA[ INFO [main] (tc_loginTest_001.java:16)- url opened
 INFO [main] (tc_loginTest_001.java:21)- username entered
 INFO [main] (tc_loginTest_001.java:24)- password entered
 INFO [main] (tc_loginTest_001.java:30)- login test passed
]]></system-out>
    <system-err><![CDATA[SLF4J: Failed to load class "org.slf4j.impl.StaticLoggerBinder".
SLF4J: Defaulting to no-operation (NOP) logger implementation
SLF4J: See http://www.slf4j.org/codes.html#StaticLoggerBinder for further details.
Starting ChromeDriver 94.0.4606.61 (418b78f5838ed0b1c69bb4e51ea0252171854915-refs/branch-heads/4606@{#1204}) on port 50874
Only local connections are allowed.
Please see https://chromedriver.chromium.org/security-considerations for suggestions on keeping ChromeDriver safe.
ChromeDriver was started successfully.
[1635593566.063][WARNING]: This version of ChromeDriver has not been tested with Chrome version 95.
Oct 30, 2021 5:02:46 PM org.openqa.selenium.remote.ProtocolHandshake createSession
INFO: Detected dialect: W3C
Oct 30, 2021 5:02:46 PM org.openqa.selenium.devtools.CdpVersionFinder findNearestMatch
INFO: Found exact CDP implementation for version 95
]]></system-err>
  </testcase>
  <testcase name="addCustomer" classname="com.inetbanking.testCases.tc_addCustomer_003" time="11.1">
    <system-out><![CDATA[ INFO [main] (tc_addCustomer_003.java:19)- username provided
 INFO [main] (tc_addCustomer_003.java:21)- password provided
 INFO [main] (tc_addCustomer_003.java:29)- customer name provided
 INFO [main] (tc_addCustomer_003.java:31)- customer gender provided
 INFO [main] (tc_addCustomer_003.java:33)- customer dob provided
 INFO [main] (tc_addCustomer_003.java:37)- customer address provided
 INFO [main] (tc_addCustomer_003.java:39)- customer city provided
 INFO [main] (tc_addCustomer_003.java:41)- customer state provided
 INFO [main] (tc_addCustomer_003.java:43)- customer pin provided
 INFO [main] (tc_addCustomer_003.java:45)- customer mobnumber provided
 INFO [main] (tc_addCustomer_003.java:50)- customer email provided
 INFO [main] (tc_addCustomer_003.java:52)- customer password provided
 INFO [main] (tc_addCustomer_003.java:58)- testcase passed
]]></system-out>
    <system-err><![CDATA[Starting ChromeDriver 94.0.4606.61 (418b78f5838ed0b1c69bb4e51ea0252171854915-refs/branch-heads/4606@{#1204}) on port 62058
Only local connections are allowed.
Please see https://chromedriver.chromium.org/security-considerations for suggestions on keeping ChromeDriver safe.
ChromeDriver was started successfully.
[1635593572.763][WARNING]: This version of ChromeDriver has not been tested with Chrome version 95.
Oct 30, 2021 5:02:52 PM org.openqa.selenium.remote.ProtocolHandshake createSession
INFO: Detected dialect: W3C
Oct 30, 2021 5:02:53 PM org.openqa.selenium.devtools.CdpVersionFinder findNearestMatch
INFO: Found exact CDP implementation for version 95
]]></system-err>
  </testcase>
</testsuite>