<?xml version="1.0" encoding="UTF-8"?>
<testng-results ignored="0" total="2" passed="2" failed="0" skipped="0">
  <reporter-output>
  </reporter-output>
  <suite started-at="2021-10-30T17:02:03 IST" name="inetbanking" finished-at="2021-10-30T17:02:25 IST" duration-ms="22093">
    <groups>
    </groups>
    <test started-at="2021-10-30T17:02:03 IST" name="banking app" finished-at="2021-10-30T17:02:25 IST" duration-ms="22093">
      <class name="com.inetbanking.testCases.tc_addCustomer_003">
        <test-method is-config="true" signature="setup(java.lang.String)[pri:0, instance:com.inetbanking.testCases.tc_addCustomer_003@55141def]" started-at="2021-10-30T17:02:11 IST" name="setup" finished-at="2021-10-30T17:02:14 IST" duration-ms="2904" status="PASS">
          <params>
            <param index="0">
              <value>
                <![CDATA[chrome]]>
              </value>
            </param>
          </params>
          <reporter-output>
          </reporter-output>
        </test-method> <!-- setup -->
        <test-method signature="addCustomer()[pri:0, instance:com.inetbanking.testCases.tc_addCustomer_003@55141def]" started-at="2021-10-30T17:02:14 IST" name="addCustomer" finished-at="2021-10-30T17:02:25 IST" duration-ms="10830" status="PASS">
          <reporter-output>
          </reporter-output>
        </test-method> <!-- addCustomer -->
        <test-method is-config="true" signature="teardown()[pri:0, instance:com.inetbanking.testCases.tc_addCustomer_003@55141def]" started-at="2021-10-30T17:02:25 IST" name="teardown" finished-at="2021-10-30T17:02:25 IST" duration-ms="425" status="PASS">
          <reporter-output>
          </reporter-output>
        </test-method> <!-- teardown -->
      </class> <!-- com.inetbanking.testCases.tc_addCustomer_003 -->
      <class name="com.inetbanking.testCases.tc_loginTest_001">
        <test-method is-config="true" signature="setup(java.lang.String)[pri:0, instance:com.inetbanking.testCases.tc_loginTest_001@4d5d943d]" started-at="2021-10-30T17:02:03 IST" name="setup" finished-at="2021-10-30T17:02:08 IST" duration-ms="4469" status="PASS">
          <params>
            <param index="0">
              <value>
                <![CDATA[chrome]]>
              </value>
            </param>
          </params>
          <reporter-output>
          </reporter-output>
        </test-method> <!-- setup -->
        <test-method signature="loginTest()[pri:0, instance:com.inetbanking.testCases.tc_loginTest_001@4d5d943d]" started-at="2021-10-30T17:02:08 IST" name="loginTest" finished-at="2021-10-30T17:02:10 IST" duration-ms="2842" status="PASS">
          <reporter-output>
          </reporter-output>
        </test-method> <!-- loginTest -->
        <test-method is-config="true" signature="teardown()[pri:0, instance:com.inetbanking.testCases.tc_loginTest_001@4d5d943d]" started-at="2021-10-30T17:02:10 IST" name="teardown" finished-at="2021-10-30T17:02:11 IST" duration-ms="347" status="PASS">
          <reporter-output>
          </reporter-output>
        </test-method> <!-- teardown -->
      </class> <!-- com.inetbanking.testCases.tc_loginTest_001 -->
    </test> <!-- banking app -->
  </suite> <!-- inetbanking -->
</testng-results>
